<?xml version="1.0" encoding="utf-8"?><testsuite errors="0" failures="0" name="pytest" skips="0" tests="183" time="1.605"><testcase classname="test_submit" file="test_submit.py" line="8" name="test_826" time="0.0010213851928710938"></testcase><testcase classname="test_submit" file="test_submit.py" line="12" name="test_1376" time="0.0011947154998779297"></testcase><testcase classname="test_submit" file="test_submit.py" line="16" name="test_1565" time="0.0012063980102539062"></testcase><testcase classname="test_submit" file="test_submit.py" line="24" name="test_2725" time="0.0021681785583496094"></testcase><testcase classname="test_submit" file="test_submit.py" line="28" name="test_2655" time="0.000997304916381836"></testcase><testcase classname="test_submit" file="test_submit.py" line="32" name="test_2500" time="0.0009009838104248047"></testcase><testcase classname="test_submit" file="test_submit.py" line="40" name="test_1763" time="0.0013780593872070312"></testcase><testcase classname="test_submit" file="test_submit.py" line="44" name="test_168" time="0.0009970664978027344"></testcase><testcase classname="test_submit" file="test_submit.py" line="56" name="test_1304" time="0.0020318031311035156"></testcase><testcase classname="test_submit" file="test_submit.py" line="60" name="test_2600" time="0.002941608428955078"></testcase><testcase classname="test_submit" file="test_submit.py" line="64" name="test_296" time="0.0015397071838378906"></testcase><testcase classname="test_submit" file="test_submit.py" line="68" name="test_1466" time="0.001993894577026367"></testcase><testcase classname="test_submit" file="test_submit.py" line="72" name="test_1076" time="0.0010118484497070312"></testcase><testcase classname="test_submit" file="test_submit.py" line="76" name="test_1271" time="0.001886606216430664"></testcase><testcase classname="test_submit" file="test_submit.py" line="96" name="test_2785" time="0.0019953250885009766"></testcase><testcase classname="test_submit" file="test_submit.py" line="104" name="test_2895" time="0.0009911060333251953"></testcase><testcase classname="test_submit" file="test_submit.py" line="108" name="test_1394" time="0.0010232925415039062"></testcase><testcase classname="test_submit" file="test_submit.py" line="112" name="test_2465" time="0.0019643306732177734"></testcase><testcase classname="test_submit" file="test_submit.py" line="120" name="test_2730" time="0.00102996826171875"></testcase><testcase classname="test_submit" file="test_submit.py" line="124" name="test_2620" time="0.0009982585906982422"></testcase><testcase classname="test_submit" file="test_submit.py" line="128" name="test_2340" time="0.0021347999572753906"></testcase><testcase classname="test_submit" file="test_submit.py" line="140" name="test_252" time="0.0009677410125732422"></testcase><testcase classname="test_submit" file="test_submit.py" line="144" name="test_1085" time="0.0015459060668945312"></testcase><testcase classname="test_submit" file="test_submit.py" line="152" name="test_1781" time="0.0011444091796875"></testcase><testcase classname="test_submit" file="test_submit.py" line="160" name="test_2160" time="0.0011985301971435547"></testcase><testcase classname="test_submit" file="test_submit.py" line="168" name="test_2210" time="0.000997304916381836"></testcase><testcase classname="test_submit" file="test_submit.py" line="172" name="test_2590" time="0.0010104179382324219"></testcase><testcase classname="test_submit" file="test_submit.py" line="184" name="test_2480" time="0.0"></testcase><testcase classname="test_submit" file="test_submit.py" line="188" name="test_2020" time="0.0019719600677490234"></testcase><testcase classname="test_submit" file="test_submit.py" line="192" name="test_2830" time="0.0011222362518310547"></testcase><testcase classname="test_submit" file="test_submit.py" line="196" name="test_2765" time="0.0015244483947753906"></testcase><testcase classname="test_submit" file="test_submit.py" line="200" name="test_2055" time="0.0009970664978027344"></testcase><testcase classname="test_submit" file="test_submit.py" line="204" name="test_764" time="0.0012667179107666016"></testcase><testcase classname="test_submit" file="test_submit.py" line="208" name="test_1742" time="0.002024412155151367"></testcase><testcase classname="test_submit" file="test_submit.py" line="212" name="test_1643" time="0.0009679794311523438"></testcase><testcase classname="test_submit" file="test_submit.py" line="216" name="test_1790" time="0.0"></testcase><testcase classname="test_submit" file="test_submit.py" line="224" name="test_2015" time="8.535385131835938e-05"></testcase><testcase classname="test_submit" file="test_submit.py" line="228" name="test_1232" time="0.0009791851043701172"></testcase><testcase classname="test_submit" file="test_submit.py" line="232" name="test_2845" time="0.002166748046875"></testcase><testcase classname="test_submit" file="test_submit.py" line="240" name="test_502" time="0.002089262008666992"></testcase><testcase classname="test_submit" file="test_submit.py" line="244" name="test_1325" time="0.001787424087524414"></testcase><testcase classname="test_submit" file="test_submit.py" line="248" name="test_1670" time="0.0020132064819335938"></testcase><testcase classname="test_submit" file="test_submit.py" line="252" name="test_1091" time="0.0018308162689208984"></testcase><testcase classname="test_submit" file="test_submit.py" line="256" name="test_2455" time="0.0"></testcase><testcase classname="test_submit" file="test_submit.py" line="260" name="test_2975" time="0.0019745826721191406"></testcase><testcase classname="test_submit" file="test_submit.py" line="264" name="test_2230" time="0.0011756420135498047"></testcase><testcase classname="test_submit" file="test_submit.py" line="272" name="test_2670" time="0.0008347034454345703"></testcase><testcase classname="test_submit" file="test_submit.py" line="276" name="test_638" time="0.0009996891021728516"></testcase><testcase classname="test_submit" file="test_submit.py" line="280" name="test_1358" time="0.0009779930114746094"></testcase><testcase classname="test_submit" file="test_submit.py" line="288" name="test_2365" time="0.002024412155151367"></testcase><testcase classname="test_submit" file="test_submit.py" line="292" name="test_2715" time="0.000995635986328125"></testcase><testcase classname="test_submit" file="test_submit.py" line="300" name="test_1121" time="0.0018906593322753906"></testcase><testcase classname="test_submit" file="test_submit.py" line="304" name="test_2105" time="0.0021119117736816406"></testcase><testcase classname="test_submit" file="test_submit.py" line="308" name="test_2065" time="0.0009946823120117188"></testcase><testcase classname="test_submit" file="test_submit.py" line="312" name="test_2930" time="0.0019686222076416016"></testcase><testcase classname="test_submit" file="test_submit.py" line="316" name="test_2925" time="0.001020669937133789"></testcase><testcase classname="test_submit" file="test_submit.py" line="320" name="test_746" time="0.001603841781616211"></testcase><testcase classname="test_submit" file="test_submit.py" line="324" name="test_1442" time="0.0019559860229492188"></testcase><testcase classname="test_submit" file="test_submit.py" line="328" name="test_1826" time="0.0020225048065185547"></testcase><testcase classname="test_submit" file="test_submit.py" line="332" name="test_1382" time="0.0019426345825195312"></testcase><testcase classname="test_submit" file="test_submit.py" line="344" name="test_2290" time="0.0011258125305175781"></testcase><testcase classname="test_submit" file="test_submit.py" line="348" name="test_1055" time="0.0008578300476074219"></testcase><testcase classname="test_submit" file="test_submit.py" line="356" name="test_2030" time="0.00199127197265625"></testcase><testcase classname="test_submit" file="test_submit.py" line="364" name="test_2200" time="0.0015614032745361328"></testcase><testcase classname="test_submit" file="test_submit.py" line="368" name="test_916" time="0.0009961128234863281"></testcase><testcase classname="test_submit" file="test_submit.py" line="372" name="test_1409" time="0.0"></testcase><testcase classname="test_submit" file="test_submit.py" line="380" name="test_1292" time="0.0009684562683105469"></testcase><testcase classname="test_submit" file="test_submit.py" line="384" name="test_2530" time="0.002105712890625"></testcase><testcase classname="test_submit" file="test_submit.py" line="388" name="test_2140" time="0.0019614696502685547"></testcase><testcase classname="test_submit" file="test_submit.py" line="392" name="test_664" time="0.0009987354278564453"></testcase><testcase classname="test_submit" file="test_submit.py" line="396" name="test_1313" time="0.00099945068359375"></testcase><testcase classname="test_submit" file="test_submit.py" line="400" name="test_2755" time="0.0017333030700683594"></testcase><testcase classname="test_submit" file="test_submit.py" line="404" name="test_2305" time="0.0011169910430908203"></testcase><testcase classname="test_submit" file="test_submit.py" line="412" name="test_2965" time="0.0014257431030273438"></testcase><testcase classname="test_submit" file="test_submit.py" line="416" name="test_2060" time="0.0013632774353027344"></testcase><testcase classname="test_submit" file="test_submit.py" line="420" name="test_2625" time="0.001697540283203125"></testcase><testcase classname="test_submit" file="test_submit.py" line="424" name="test_1295" time="0.0015060901641845703"></testcase><testcase classname="test_submit" file="test_submit.py" line="432" name="test_2555" time="0.0010552406311035156"></testcase><testcase classname="test_submit" file="test_submit.py" line="436" name="test_2610" time="0.00024247169494628906"></testcase><testcase classname="test_submit" file="test_submit.py" line="444" name="test_2295" time="0.0"></testcase><testcase classname="test_submit" file="test_submit.py" line="448" name="test_2800" time="0.0009601116180419922"></testcase><testcase classname="test_submit" file="test_submit.py" line="452" name="test_1460" time="0.0009932518005371094"></testcase><testcase classname="test_submit" file="test_submit.py" line="456" name="test_2745" time="0.0009992122650146484"></testcase><testcase classname="test_submit" file="test_submit.py" line="464" name="test_2990" time="0.0009984970092773438"></testcase><testcase classname="test_submit" file="test_submit.py" line="476" name="test_2510" time="0.0"></testcase><testcase classname="test_submit" file="test_submit.py" line="480" name="test_934" time="0.0009653568267822266"></testcase><testcase classname="test_submit" file="test_submit.py" line="484" name="test_1130" time="0.0009877681732177734"></testcase><testcase classname="test_submit" file="test_submit.py" line="492" name="test_2810" time="0.0017690658569335938"></testcase><testcase classname="test_submit" file="test_submit.py" line="500" name="test_2695" time="0.0"></testcase><testcase classname="test_submit" file="test_submit.py" line="508" name="test_2645" time="0.0019659996032714844"></testcase><testcase classname="test_submit" file="test_submit.py" line="512" name="test_2185" time="0.000942230224609375"></testcase><testcase classname="test_submit" file="test_submit.py" line="516" name="test_2580" time="0.001986265182495117"></testcase><testcase classname="test_submit" file="test_submit.py" line="520" name="test_1148" time="0.0003113746643066406"></testcase><testcase classname="test_submit" file="test_submit.py" line="524" name="test_2780" time="0.0009684562683105469"></testcase><testcase classname="test_submit" file="test_submit.py" line="528" name="test_2805" time="0.001995086669921875"></testcase><testcase classname="test_submit" file="test_submit.py" line="532" name="test_2415" time="0.0009932518005371094"></testcase><testcase classname="test_submit" file="test_submit.py" line="536" name="test_2010" time="0.002009868621826172"></testcase><testcase classname="test_submit" file="test_submit.py" line="540" name="test_2545" time="0.0015070438385009766"></testcase><testcase classname="test_submit" file="test_submit.py" line="544" name="test_2700" time="0.002023458480834961"></testcase><testcase classname="test_submit" file="test_submit.py" line="548" name="test_1808" time="0.0"></testcase><testcase classname="test_submit" file="test_submit.py" line="552" name="test_2880" time="0.001996278762817383"></testcase><testcase classname="test_submit" file="test_submit.py" line="556" name="test_2595" time="0.002010345458984375"></testcase><testcase classname="test_submit" file="test_submit.py" line="560" name="test_2575" time="0.0006525516510009766"></testcase><testcase classname="test_submit" file="test_submit.py" line="568" name="test_2035" time="0.0003085136413574219"></testcase><testcase classname="test_submit" file="test_submit.py" line="572" name="test_2855" time="0.0019807815551757812"></testcase><testcase classname="test_submit" file="test_submit.py" line="576" name="test_2450" time="0.0020575523376464844"></testcase><testcase classname="test_submit" file="test_submit.py" line="580" name="test_1064" time="0.0018310546875"></testcase><testcase classname="test_submit" file="test_submit.py" line="584" name="test_2410" time="0.0013840198516845703"></testcase><testcase classname="test_submit" file="test_submit.py" line="588" name="test_2445" time="0.0009984970092773438"></testcase><testcase classname="test_submit" file="test_submit.py" line="592" name="test_2760" time="0.0019118785858154297"></testcase><testcase classname="test_submit" file="test_submit.py" line="596" name="test_2550" time="0.00106048583984375"></testcase><testcase classname="test_submit" file="test_submit.py" line="600" name="test_2420" time="0.0009970664978027344"></testcase><testcase classname="test_submit" file="test_submit.py" line="604" name="test_2605" time="0.0017628669738769531"></testcase><testcase classname="test_submit" file="test_submit.py" line="612" name="test_486" time="0.001999378204345703"></testcase><testcase classname="test_submit" file="test_submit.py" line="616" name="test_1172" time="0.001995086669921875"></testcase><testcase classname="test_submit" file="test_submit.py" line="624" name="test_1910" time="0.001399993896484375"></testcase><testcase classname="test_submit" file="test_submit.py" line="628" name="test_2440" time="0.001984834671020508"></testcase><testcase classname="test_submit" file="test_submit.py" line="632" name="test_2650" time="0.00099945068359375"></testcase><testcase classname="test_submit" file="test_submit.py" line="636" name="test_1610" time="0.0009968280792236328"></testcase><testcase classname="test_submit" file="test_submit.py" line="644" name="test_2025" time="0.001995563507080078"></testcase><testcase classname="test_submit" file="test_submit.py" line="648" name="test_2875" time="0.0"></testcase><testcase classname="test_submit" file="test_submit.py" line="652" name="test_2775" time="0.0009982585906982422"></testcase><testcase classname="test_submit" file="test_submit.py" line="656" name="test_62" time="0.0013227462768554688"></testcase><testcase classname="test_submit" file="test_submit.py" line="660" name="test_1160" time="0.0012326240539550781"></testcase><testcase classname="test_submit" file="test_submit.py" line="664" name="test_1013" time="0.0001633167266845703"></testcase><testcase classname="test_submit" file="test_submit.py" line="672" name="test_2125" time="0.001971006393432617"></testcase><testcase classname="test_submit" file="test_submit.py" line="676" name="test_2740" time="0.0"></testcase><testcase classname="test_submit" file="test_submit.py" line="684" name="test_1841" time="0.0019965171813964844"></testcase><testcase classname="test_submit" file="test_submit.py" line="688" name="test_2275" time="0.0009686946868896484"></testcase><testcase classname="test_submit" file="test_submit.py" line="692" name="test_2520" time="0.0009436607360839844"></testcase><testcase classname="test_submit" file="test_submit.py" line="696" name="test_2425" time="0.0010221004486083984"></testcase><testcase classname="test_submit" file="test_submit.py" line="700" name="test_2505" time="0.0015633106231689453"></testcase><testcase classname="test_submit" file="test_submit.py" line="704" name="test_2115" time="0.0003638267517089844"></testcase><testcase classname="test_submit" file="test_submit.py" line="708" name="test_2300" time="0.0009982585906982422"></testcase><testcase classname="test_submit" file="test_submit.py" line="712" name="test_1229" time="0.001734018325805664"></testcase><testcase classname="test_submit" file="test_submit.py" line="716" name="test_2350" time="0.0010044574737548828"></testcase><testcase classname="test_submit" file="test_submit.py" line="720" name="test_2935" time="0.0011017322540283203"></testcase><testcase classname="test_submit" file="test_submit.py" line="724" name="test_2205" time="0.0009968280792236328"></testcase><testcase classname="test_submit" file="test_submit.py" line="732" name="test_2470" time="0.0017681121826171875"></testcase><testcase classname="test_submit" file="test_submit.py" line="736" name="test_2940" time="0.001994609832763672"></testcase><testcase classname="test_submit" file="test_submit.py" line="740" name="test_1535" time="0.0016145706176757812"></testcase><testcase classname="test_submit" file="test_submit.py" line="748" name="test_2860" time="0.0009970664978027344"></testcase><testcase classname="test_submit" file="test_submit.py" line="752" name="test_2310" time="0.001993894577026367"></testcase><testcase classname="test_submit" file="test_submit.py" line="756" name="test_2335" time="0.0009989738464355469"></testcase><testcase classname="test_submit" file="test_submit.py" line="760" name="test_2910" time="0.0009987354278564453"></testcase><testcase classname="test_submit" file="test_submit.py" line="764" name="test_2225" time="0.0010292530059814453"></testcase><testcase classname="test_submit" file="test_submit.py" line="768" name="test_442" time="0.0017719268798828125"></testcase><testcase classname="test_submit" file="test_submit.py" line="772" name="test_1103" time="0.0"></testcase><testcase classname="test_submit" file="test_submit.py" line="776" name="test_1676" time="0.002084493637084961"></testcase><testcase classname="test_submit" file="test_submit.py" line="780" name="test_1523" time="0.0020356178283691406"></testcase><testcase classname="test_submit" file="test_submit.py" line="784" name="test_2375" time="0.002007722854614258"></testcase><testcase classname="test_submit" file="test_submit.py" line="788" name="test_2865" time="0.0010058879852294922"></testcase><testcase classname="test_submit" file="test_submit.py" line="792" name="test_2380" time="0.0009894371032714844"></testcase><testcase classname="test_submit" file="test_submit.py" line="796" name="test_1538" time="0.0009634494781494141"></testcase><testcase classname="test_submit" file="test_submit.py" line="800" name="test_2705" time="0.0012755393981933594"></testcase><testcase classname="test_submit" file="test_submit.py" line="804" name="test_2145" time="0.0008141994476318359"></testcase><testcase classname="test_submit" file="test_submit.py" line="808" name="test_2040" time="0.0019435882568359375"></testcase><testcase classname="test_submit" file="test_submit.py" line="812" name="test_458" time="0.0010221004486083984"></testcase><testcase classname="test_submit" file="test_submit.py" line="816" name="test_1046" time="0.001641988754272461"></testcase><testcase classname="test_submit" file="test_submit.py" line="820" name="test_1457" time="0.001978158950805664"></testcase><testcase classname="test_submit" file="test_submit.py" line="824" name="test_1757" time="0.0001881122589111328"></testcase><testcase classname="test_submit" file="test_submit.py" line="828" name="test_2900" time="0.0010521411895751953"></testcase><testcase classname="test_submit" file="test_submit.py" line="832" name="test_2710" time="0.0006051063537597656"></testcase><testcase classname="test_submit" file="test_submit.py" line="836" name="test_2070" time="0.0017228126525878906"></testcase><testcase classname="test_submit" file="test_submit.py" line="840" name="test_2970" time="0.0020608901977539062"></testcase><testcase classname="test_submit" file="test_submit.py" line="844" name="test_80" time="0.0019192695617675781"></testcase><testcase classname="test_submit" file="test_submit.py" line="848" name="test_1835" time="0.0021982192993164062"></testcase><testcase classname="test_submit" file="test_submit.py" line="852" name="test_2680" time="0.0"></testcase><testcase classname="test_submit" file="test_submit.py" line="856" name="test_2565" time="0.000997304916381836"></testcase><testcase classname="test_submit" file="test_submit.py" line="860" name="test_2080" time="0.0020172595977783203"></testcase><testcase classname="test_submit" file="test_submit.py" line="864" name="test_2120" time="0.0"></testcase><testcase classname="test_submit" file="test_submit.py" line="868" name="test_2250" time="0.0015864372253417969"></testcase><testcase classname="test_submit" file="test_submit.py" line="872" name="test_2270" time="0.0003361701965332031"></testcase><testcase classname="test_submit" file="test_submit.py" line="876" name="test_1904" time="0.0014948844909667969"></testcase><testcase classname="test_submit" file="test_submit.py" line="880" name="test_2130" time="0.00024175643920898438"></testcase><testcase classname="test_submit" file="test_submit.py" line="884" name="test_2630" time="0.0021233558654785156"></testcase><testcase classname="test_submit" file="test_submit.py" line="888" name="test_2525" time="0.0019078254699707031"></testcase><testcase classname="test_submit" file="test_submit.py" line="892" name="test_2405" time="0.0014178752899169922"></testcase><testcase classname="test_submit" file="test_submit.py" line="896" name="test_2255" time="0.0014319419860839844"></testcase><testcase classname="test_submit" file="test_submit.py" line="900" name="test_1577" time="0.0016841888427734375"></testcase><testcase classname="test_submit" file="test_submit.py" line="904" name="test_2090" time="0.001986980438232422"></testcase><testcase classname="test_submit" file="test_submit.py" line="908" name="test_2960" time="0.0019085407257080078"></testcase><testcase classname="test_submit" file="test_submit.py" line="912" name="test_2260" time="0.0009250640869140625"></testcase></testsuite>